{"level":"info","message":"server created at 4025","service":"user-service","timestamp":"2026-07-10T06:49:30.447Z"}
{"level":"info","message":"Database Connected","service":"user-service","timestamp":"2026-07-10T06:49:30.932Z"}
{"level":"info","message":"server created at 4025","service":"user-service","timestamp":"2026-07-10T06:50:35.787Z"}
{"level":"info","message":"Database Connected","service":"user-service","timestamp":"2026-07-10T06:50:36.341Z"}
{"level":"info","message":"server created at 4025","service":"user-service","timestamp":"2026-07-10T06:50:52.794Z"}
{"level":"info","message":"Database Connected","service":"user-service","timestamp":"2026-07-10T06:50:53.226Z"}
{"level":"debug","message":"Create role request received: superAdmin","service":"user-service","timestamp":"2026-07-10T06:53:36.433Z"}
{"level":"info","message":"Role created successfully: superAdmin","service":"user-service","timestamp":"2026-07-10T06:53:36.541Z"}
{"level":"debug","message":"Create role request received: admin","service":"user-service","timestamp":"2026-07-10T06:53:42.383Z"}
{"level":"info","message":"Role created successfully: admin","service":"user-service","timestamp":"2026-07-10T06:53:42.462Z"}
{"level":"debug","message":"Create role request received: user","service":"user-service","timestamp":"2026-07-10T06:53:48.782Z"}
{"level":"info","message":"Role created successfully: user","service":"user-service","timestamp":"2026-07-10T06:53:48.854Z"}
{"level":"info","message":"server created at 4025","service":"user-service","timestamp":"2026-07-10T07:01:29.259Z"}
{"level":"info","message":"Database Connected","service":"user-service","timestamp":"2026-07-10T07:01:29.763Z"}
{"level":"info","message":"server created at 4025","service":"user-service","timestamp":"2026-07-10T07:02:24.339Z"}
{"level":"info","message":"Database Connected","service":"user-service","timestamp":"2026-07-10T07:02:24.744Z"}
{"level":"info","message":"server created at 4025","service":"user-service","timestamp":"2026-07-10T07:03:15.721Z"}
{"level":"info","message":"Database Connected","service":"user-service","timestamp":"2026-07-10T07:03:16.170Z"}
{"level":"info","message":"server created at 4025","service":"user-service","timestamp":"2026-07-10T07:03:17.228Z"}
{"level":"info","message":"Database Connected","service":"user-service","timestamp":"2026-07-10T07:03:17.623Z"}
{"level":"info","message":"server created at 4025","service":"user-service","timestamp":"2026-07-10T07:03:20.686Z"}
{"level":"info","message":"Database Connected","service":"user-service","timestamp":"2026-07-10T07:03:21.098Z"}
{"level":"info","message":"server created at 4025","service":"user-service","timestamp":"2026-07-10T07:03:24.151Z"}
{"level":"info","message":"Database Connected","service":"user-service","timestamp":"2026-07-10T07:03:24.586Z"}
{"level":"info","message":"server created at 4025","service":"user-service","timestamp":"2026-07-10T07:03:48.965Z"}
{"level":"info","message":"Database Connected","service":"user-service","timestamp":"2026-07-10T07:03:49.481Z"}
{"level":"info","message":"server created at 4025","service":"user-service","timestamp":"2026-07-10T07:06:30.703Z"}
{"level":"info","message":"Database Connected","service":"user-service","timestamp":"2026-07-10T07:06:31.211Z"}
{"level":"info","message":"server created at 4025","service":"user-service","timestamp":"2026-07-10T07:06:33.284Z"}
{"level":"info","message":"Database Connected","service":"user-service","timestamp":"2026-07-10T07:06:33.684Z"}
{"level":"info","message":"server created at 4025","service":"user-service","timestamp":"2026-07-10T07:06:34.420Z"}
{"level":"info","message":"Database Connected","service":"user-service","timestamp":"2026-07-10T07:06:34.835Z"}
{"level":"info","message":"server created at 4025","service":"user-service","timestamp":"2026-07-10T07:06:42.600Z"}
{"level":"info","message":"Database Connected","service":"user-service","timestamp":"2026-07-10T07:06:43.032Z"}
{"level":"info","message":"server created at 4025","service":"user-service","timestamp":"2026-07-10T07:06:44.492Z"}
{"level":"info","message":"Database Connected","service":"user-service","timestamp":"2026-07-10T07:06:44.899Z"}
{"level":"info","message":"server created at 4025","service":"user-service","timestamp":"2026-07-10T07:06:53.237Z"}
{"level":"info","message":"Database Connected","service":"user-service","timestamp":"2026-07-10T07:06:53.612Z"}
{"level":"info","message":"server created at 4025","service":"user-service","timestamp":"2026-07-10T07:06:54.737Z"}
{"level":"info","message":"Database Connected","service":"user-service","timestamp":"2026-07-10T07:06:55.144Z"}
{"level":"info","message":"server created at 4025","service":"user-service","timestamp":"2026-07-10T07:07:07.394Z"}
{"level":"info","message":"Database Connected","service":"user-service","timestamp":"2026-07-10T07:07:07.795Z"}
{"level":"info","message":"server created at 4025","service":"user-service","timestamp":"2026-07-10T07:07:08.676Z"}
{"level":"info","message":"Database Connected","service":"user-service","timestamp":"2026-07-10T07:07:09.088Z"}
{"level":"info","message":"server created at 4025","service":"user-service","timestamp":"2026-07-10T07:07:57.432Z"}
{"level":"info","message":"Database Connected","service":"user-service","timestamp":"2026-07-10T07:07:57.948Z"}
{"level":"info","message":"server created at 4025","service":"user-service","timestamp":"2026-07-10T07:08:37.353Z"}
{"level":"info","message":"Database Connected","service":"user-service","timestamp":"2026-07-10T07:08:37.752Z"}
{"level":"info","message":"server created at 4025","service":"user-service","timestamp":"2026-07-10T07:11:22.309Z"}
{"level":"info","message":"Database Connected","service":"user-service","timestamp":"2026-07-10T07:11:22.808Z"}
{"level":"info","message":"server created at 4025","service":"user-service","timestamp":"2026-07-10T07:11:25.152Z"}
{"level":"info","message":"Database Connected","service":"user-service","timestamp":"2026-07-10T07:11:25.580Z"}
{"level":"info","message":"server created at 4025","service":"user-service","timestamp":"2026-07-10T07:17:08.109Z"}
{"level":"info","message":"Database Connected","service":"user-service","timestamp":"2026-07-10T07:17:08.648Z"}
{"level":"info","message":"server created at 4025","service":"user-service","timestamp":"2026-07-10T07:17:26.516Z"}
{"level":"info","message":"Database Connected","service":"user-service","timestamp":"2026-07-10T07:17:26.948Z"}
{"level":"info","message":"server created at 4025","service":"user-service","timestamp":"2026-07-10T07:17:29.162Z"}
{"level":"info","message":"Database Connected","service":"user-service","timestamp":"2026-07-10T07:17:29.549Z"}
{"level":"info","message":"server created at 4025","service":"user-service","timestamp":"2026-07-10T07:17:31.220Z"}
{"level":"info","message":"Database Connected","service":"user-service","timestamp":"2026-07-10T07:17:31.606Z"}
{"level":"info","message":"server created at 4025","service":"user-service","timestamp":"2026-07-10T07:18:33.454Z"}
{"level":"info","message":"Database Connected","service":"user-service","timestamp":"2026-07-10T07:18:33.949Z"}
{"level":"info","message":"server created at 4025","service":"user-service","timestamp":"2026-07-10T07:18:35.002Z"}
{"level":"info","message":"Database Connected","service":"user-service","timestamp":"2026-07-10T07:18:35.394Z"}
{"level":"info","message":"server created at 4025","service":"user-service","timestamp":"2026-07-10T07:18:48.778Z"}
{"level":"info","message":"Database Connected","service":"user-service","timestamp":"2026-07-10T07:18:49.202Z"}
{"level":"info","message":"server created at 4025","service":"user-service","timestamp":"2026-07-10T07:18:53.694Z"}
{"level":"info","message":"Database Connected","service":"user-service","timestamp":"2026-07-10T07:18:54.111Z"}
{"level":"info","message":"server created at 4025","service":"user-service","timestamp":"2026-07-10T07:19:00.587Z"}
{"level":"info","message":"Database Connected","service":"user-service","timestamp":"2026-07-10T07:19:00.967Z"}
{"level":"info","message":"server created at 4025","service":"user-service","timestamp":"2026-07-10T07:19:13.679Z"}
{"level":"info","message":"Database Connected","service":"user-service","timestamp":"2026-07-10T07:19:14.072Z"}
{"level":"info","message":"server created at 4025","service":"user-service","timestamp":"2026-07-10T07:19:16.862Z"}
{"level":"info","message":"Database Connected","service":"user-service","timestamp":"2026-07-10T07:19:17.250Z"}
{"level":"info","message":"server created at 4025","service":"user-service","timestamp":"2026-07-10T07:19:20.050Z"}
{"level":"info","message":"Database Connected","service":"user-service","timestamp":"2026-07-10T07:19:20.467Z"}
{"level":"info","message":"server created at 4025","service":"user-service","timestamp":"2026-07-10T07:19:22.753Z"}
{"level":"info","message":"Database Connected","service":"user-service","timestamp":"2026-07-10T07:19:23.145Z"}
{"level":"info","message":"server created at 4025","service":"user-service","timestamp":"2026-07-10T07:19:24.850Z"}
{"level":"info","message":"Database Connected","service":"user-service","timestamp":"2026-07-10T07:19:25.285Z"}
{"level":"info","message":"server created at 4025","service":"user-service","timestamp":"2026-07-10T07:19:47.808Z"}
{"level":"info","message":"Database Connected","service":"user-service","timestamp":"2026-07-10T07:19:48.234Z"}
{"level":"info","message":"server created at 4025","service":"user-service","timestamp":"2026-07-10T07:19:56.987Z"}
{"level":"info","message":"Database Connected","service":"user-service","timestamp":"2026-07-10T07:19:57.416Z"}
{"level":"info","message":"server created at 4025","service":"user-service","timestamp":"2026-07-10T07:20:02.168Z"}
{"level":"info","message":"Database Connected","service":"user-service","timestamp":"2026-07-10T07:20:02.788Z"}
{"level":"info","message":"server created at 4025","service":"user-service","timestamp":"2026-07-10T07:22:26.024Z"}
{"level":"info","message":"Database Connected","service":"user-service","timestamp":"2026-07-10T07:22:26.549Z"}
{"level":"info","message":"server created at 4025","service":"user-service","timestamp":"2026-07-10T07:22:27.938Z"}
{"level":"info","message":"Database Connected","service":"user-service","timestamp":"2026-07-10T07:22:28.387Z"}
{"level":"info","message":"server created at 4025","service":"user-service","timestamp":"2026-07-10T07:22:31.050Z"}
{"level":"info","message":"Database Connected","service":"user-service","timestamp":"2026-07-10T07:22:31.456Z"}
{"level":"info","message":"server created at 4025","service":"user-service","timestamp":"2026-07-10T07:23:05.997Z"}
{"level":"info","message":"Database Connected","service":"user-service","timestamp":"2026-07-10T07:23:06.428Z"}
{"level":"info","message":"server created at 4025","service":"user-service","timestamp":"2026-07-10T07:24:09.557Z"}
{"level":"info","message":"Database Connected","service":"user-service","timestamp":"2026-07-10T07:24:10.041Z"}
{"level":"info","message":"server created at 4025","service":"user-service","timestamp":"2026-07-10T07:24:59.452Z"}
{"level":"info","message":"Database Connected","service":"user-service","timestamp":"2026-07-10T07:24:59.845Z"}
{"level":"info","message":"server created at 4025","service":"user-service","timestamp":"2026-07-10T07:29:10.961Z"}
{"level":"info","message":"Database Connected","service":"user-service","timestamp":"2026-07-10T07:29:11.478Z"}
{"level":"info","message":"server created at 4025","service":"user-service","timestamp":"2026-07-10T07:29:15.004Z"}
{"level":"info","message":"Database Connected","service":"user-service","timestamp":"2026-07-10T07:29:15.415Z"}
{"level":"info","message":"server created at 4025","service":"user-service","timestamp":"2026-07-10T07:29:17.658Z"}
{"level":"info","message":"Database Connected","service":"user-service","timestamp":"2026-07-10T07:29:18.077Z"}
{"level":"info","message":"server created at 4025","service":"user-service","timestamp":"2026-07-10T07:29:25.903Z"}
{"level":"info","message":"Database Connected","service":"user-service","timestamp":"2026-07-10T07:29:26.374Z"}
{"level":"info","message":"server created at 4025","service":"user-service","timestamp":"2026-07-10T07:29:29.810Z"}
{"level":"info","message":"Database Connected","service":"user-service","timestamp":"2026-07-10T07:29:30.257Z"}
{"level":"info","message":"server created at 4025","service":"user-service","timestamp":"2026-07-10T07:29:49.077Z"}
{"level":"info","message":"Database Connected","service":"user-service","timestamp":"2026-07-10T07:29:49.492Z"}
{"level":"info","message":"server created at 4025","service":"user-service","timestamp":"2026-07-10T07:32:30.107Z"}
{"level":"info","message":"Database Connected","service":"user-service","timestamp":"2026-07-10T07:32:30.638Z"}
{"level":"info","message":"server created at 4025","service":"user-service","timestamp":"2026-07-10T07:32:32.054Z"}
{"level":"info","message":"Database Connected","service":"user-service","timestamp":"2026-07-10T07:32:32.488Z"}
{"level":"info","message":"server created at 4025","service":"user-service","timestamp":"2026-07-10T07:32:33.233Z"}
{"level":"info","message":"Database Connected","service":"user-service","timestamp":"2026-07-10T07:32:33.673Z"}
{"level":"info","message":"server created at 4025","service":"user-service","timestamp":"2026-07-10T07:32:35.778Z"}
{"level":"info","message":"Database Connected","service":"user-service","timestamp":"2026-07-10T07:32:36.198Z"}
{"level":"info","message":"server created at 4025","service":"user-service","timestamp":"2026-07-10T07:32:37.200Z"}
{"level":"info","message":"Database Connected","service":"user-service","timestamp":"2026-07-10T07:32:37.640Z"}
{"level":"info","message":"server created at 4025","service":"user-service","timestamp":"2026-07-10T07:32:39.213Z"}
{"level":"info","message":"Database Connected","service":"user-service","timestamp":"2026-07-10T07:32:39.646Z"}
{"level":"info","message":"server created at 4025","service":"user-service","timestamp":"2026-07-10T07:32:41.380Z"}
{"level":"info","message":"Database Connected","service":"user-service","timestamp":"2026-07-10T07:32:41.785Z"}
{"level":"info","message":"server created at 4025","service":"user-service","timestamp":"2026-07-10T07:32:43.031Z"}
{"level":"info","message":"Database Connected","service":"user-service","timestamp":"2026-07-10T07:32:43.459Z"}
{"level":"info","message":"server created at 4025","service":"user-service","timestamp":"2026-07-10T07:32:53.922Z"}
{"level":"info","message":"Database Connected","service":"user-service","timestamp":"2026-07-10T07:32:54.326Z"}
{"level":"info","message":"server created at 4025","service":"user-service","timestamp":"2026-07-10T07:32:59.907Z"}
{"level":"info","message":"Database Connected","service":"user-service","timestamp":"2026-07-10T07:33:00.391Z"}
{"level":"info","message":"server created at 4025","service":"user-service","timestamp":"2026-07-10T07:33:03.248Z"}
{"level":"info","message":"Database Connected","service":"user-service","timestamp":"2026-07-10T07:33:03.688Z"}
{"level":"info","message":"server created at 4025","service":"user-service","timestamp":"2026-07-10T07:33:04.683Z"}
{"level":"info","message":"Database Connected","service":"user-service","timestamp":"2026-07-10T07:33:05.076Z"}
{"level":"info","message":"server created at 4025","service":"user-service","timestamp":"2026-07-10T07:33:06.231Z"}
{"level":"info","message":"Database Connected","service":"user-service","timestamp":"2026-07-10T07:33:06.640Z"}
{"level":"info","message":"server created at 4025","service":"user-service","timestamp":"2026-07-10T07:37:43.133Z"}
{"level":"info","message":"server created at 4025","service":"user-service","timestamp":"2026-07-10T07:37:44.682Z"}
{"level":"info","message":"Database Connected","service":"user-service","timestamp":"2026-07-10T07:37:45.213Z"}
{"level":"warn","message":"Validation failed: \"phone\" is not allowed","service":"user-service","timestamp":"2026-07-10T07:37:46.305Z"}
{"level":"info","message":"server created at 4025","service":"user-service","timestamp":"2026-07-10T07:37:54.112Z"}
{"level":"info","message":"Database Connected","service":"user-service","timestamp":"2026-07-10T07:37:54.538Z"}
{"level":"info","message":"server created at 4025","service":"user-service","timestamp":"2026-07-10T07:38:04.801Z"}
{"level":"info","message":"Database Connected","service":"user-service","timestamp":"2026-07-10T07:38:05.233Z"}
{"level":"info","message":"server created at 4025","service":"user-service","timestamp":"2026-07-10T07:38:06.082Z"}
{"level":"info","message":"Database Connected","service":"user-service","timestamp":"2026-07-10T07:38:06.510Z"}
{"level":"warn","message":"Validation failed: \"phone\" is not allowed","service":"user-service","timestamp":"2026-07-10T07:38:08.819Z"}
{"level":"info","message":"server created at 4025","service":"user-service","timestamp":"2026-07-10T07:40:47.937Z"}
{"level":"info","message":"Database Connected","service":"user-service","timestamp":"2026-07-10T07:40:48.413Z"}
{"level":"info","message":"server created at 4025","service":"user-service","timestamp":"2026-07-10T07:44:04.866Z"}
{"level":"info","message":"Database Connected","service":"user-service","timestamp":"2026-07-10T07:44:05.398Z"}
{"level":"info","message":"server created at 4025","service":"user-service","timestamp":"2026-07-10T07:44:22.286Z"}
{"level":"info","message":"Database Connected","service":"user-service","timestamp":"2026-07-10T07:44:22.716Z"}
{"level":"info","message":"server created at 4025","service":"user-service","timestamp":"2026-07-10T07:53:32.153Z"}
{"level":"info","message":"Database Connected","service":"user-service","timestamp":"2026-07-10T07:53:32.695Z"}
{"level":"info","message":"server created at 4025","service":"user-service","timestamp":"2026-07-10T08:07:13.063Z"}
{"level":"info","message":"Database Connected","service":"user-service","timestamp":"2026-07-10T08:07:13.551Z"}
{"level":"info","message":"server created at 4025","service":"user-service","timestamp":"2026-07-10T08:31:09.464Z"}
{"level":"info","message":"Database Connected","service":"user-service","timestamp":"2026-07-10T08:31:09.984Z"}
{"level":"info","message":"server created at 4025","service":"user-service","timestamp":"2026-07-10T08:31:29.226Z"}
{"level":"info","message":"Database Connected","service":"user-service","timestamp":"2026-07-10T08:31:29.624Z"}
{"level":"info","message":"server created at 4025","service":"user-service","timestamp":"2026-07-10T08:32:45.401Z"}
{"level":"info","message":"Database Connected","service":"user-service","timestamp":"2026-07-10T08:32:45.915Z"}
{"level":"info","message":"server created at 4025","service":"user-service","timestamp":"2026-07-10T08:32:47.486Z"}
{"level":"info","message":"Database Connected","service":"user-service","timestamp":"2026-07-10T08:32:47.884Z"}
{"level":"info","message":"server created at 4025","service":"user-service","timestamp":"2026-07-10T08:32:49.639Z"}
{"level":"info","message":"Database Connected","service":"user-service","timestamp":"2026-07-10T08:32:50.050Z"}
{"level":"info","message":"server created at 4025","service":"user-service","timestamp":"2026-07-10T08:32:53.105Z"}
{"level":"info","message":"Database Connected","service":"user-service","timestamp":"2026-07-10T08:32:53.519Z"}
{"level":"info","message":"server created at 4025","service":"user-service","timestamp":"2026-07-10T08:32:55.465Z"}
{"level":"info","message":"Database Connected","service":"user-service","timestamp":"2026-07-10T08:32:55.890Z"}
{"level":"info","message":"server created at 4025","service":"user-service","timestamp":"2026-07-10T08:32:59.459Z"}
{"level":"info","message":"Database Connected","service":"user-service","timestamp":"2026-07-10T08:32:59.873Z"}
{"level":"info","message":"server created at 4025","service":"user-service","timestamp":"2026-07-10T08:33:08.189Z"}
{"level":"info","message":"Database Connected","service":"user-service","timestamp":"2026-07-10T08:33:08.626Z"}
{"level":"info","message":"server created at 4025","service":"user-service","timestamp":"2026-07-10T08:33:26.059Z"}
{"level":"info","message":"Database Connected","service":"user-service","timestamp":"2026-07-10T08:33:26.477Z"}
{"level":"info","message":"server created at 4025","service":"user-service","timestamp":"2026-07-10T08:33:32.654Z"}
{"level":"info","message":"Database Connected","service":"user-service","timestamp":"2026-07-10T08:33:33.056Z"}
{"level":"info","message":"server created at 4025","service":"user-service","timestamp":"2026-07-10T08:33:37.452Z"}
{"level":"info","message":"Database Connected","service":"user-service","timestamp":"2026-07-10T08:33:37.881Z"}
{"level":"info","message":"server created at 4025","service":"user-service","timestamp":"2026-07-10T08:33:42.159Z"}
{"level":"info","message":"Database Connected","service":"user-service","timestamp":"2026-07-10T08:33:42.582Z"}
{"level":"info","message":"server created at 4025","service":"user-service","timestamp":"2026-07-10T08:33:46.637Z"}
{"level":"info","message":"Database Connected","service":"user-service","timestamp":"2026-07-10T08:33:47.156Z"}
{"level":"info","message":"server created at 4025","service":"user-service","timestamp":"2026-07-10T08:33:51.507Z"}
{"level":"info","message":"Database Connected","service":"user-service","timestamp":"2026-07-10T08:33:51.947Z"}
{"level":"info","message":"server created at 4025","service":"user-service","timestamp":"2026-07-10T08:33:53.202Z"}
{"level":"info","message":"Database Connected","service":"user-service","timestamp":"2026-07-10T08:33:53.647Z"}
{"level":"info","message":"server created at 4025","service":"user-service","timestamp":"2026-07-10T08:33:55.111Z"}
{"level":"info","message":"Database Connected","service":"user-service","timestamp":"2026-07-10T08:33:55.519Z"}
{"level":"info","message":"server created at 4025","service":"user-service","timestamp":"2026-07-10T08:35:56.581Z"}
{"level":"info","message":"Database Connected","service":"user-service","timestamp":"2026-07-10T08:35:57.121Z"}
{"level":"info","message":"server created at 4025","service":"user-service","timestamp":"2026-07-10T08:36:00.092Z"}
{"level":"info","message":"Database Connected","service":"user-service","timestamp":"2026-07-10T08:36:00.517Z"}
{"level":"info","message":"server created at 4025","service":"user-service","timestamp":"2026-07-10T08:36:02.853Z"}
{"level":"info","message":"Database Connected","service":"user-service","timestamp":"2026-07-10T08:36:03.280Z"}
{"level":"info","message":"server created at 4025","service":"user-service","timestamp":"2026-07-10T08:36:05.926Z"}
{"level":"info","message":"Database Connected","service":"user-service","timestamp":"2026-07-10T08:36:06.336Z"}
{"level":"info","message":"server created at 4025","service":"user-service","timestamp":"2026-07-10T09:19:36.775Z"}
{"level":"info","message":"server created at 4025","service":"user-service","timestamp":"2026-07-10T09:19:38.822Z"}
{"level":"info","message":"Database Connected","service":"user-service","timestamp":"2026-07-10T09:19:39.314Z"}
{"level":"info","message":"server created at 4025","service":"user-service","timestamp":"2026-07-10T09:20:33.096Z"}
{"level":"info","message":"Database Connected","service":"user-service","timestamp":"2026-07-10T09:20:33.634Z"}
{"level":"info","message":"server created at 4025","service":"user-service","timestamp":"2026-07-10T09:20:35.368Z"}
{"level":"info","message":"Database Connected","service":"user-service","timestamp":"2026-07-10T09:20:35.819Z"}
{"level":"info","message":"server created at 4025","service":"user-service","timestamp":"2026-07-10T09:20:38.536Z"}
{"level":"info","message":"server created at 4025","service":"user-service","timestamp":"2026-07-10T09:20:39.823Z"}
{"level":"info","message":"Database Connected","service":"user-service","timestamp":"2026-07-10T09:20:40.558Z"}
{"level":"info","message":"server created at 4025","service":"user-service","timestamp":"2026-07-10T09:44:28.522Z"}
{"level":"info","message":"server created at 4025","service":"user-service","timestamp":"2026-07-10T09:44:30.546Z"}
{"level":"info","message":"Database Connected","service":"user-service","timestamp":"2026-07-10T09:44:31.213Z"}
{"level":"info","message":"server created at 4025","service":"user-service","timestamp":"2026-07-10T09:44:35.219Z"}
{"level":"info","message":"Database Connected","service":"user-service","timestamp":"2026-07-10T09:44:35.736Z"}
{"level":"info","message":"server created at 4025","service":"user-service","timestamp":"2026-07-10T09:44:50.843Z"}
{"level":"info","message":"Database Connected","service":"user-service","timestamp":"2026-07-10T09:44:51.291Z"}
{"level":"info","message":"server created at 4025","service":"user-service","timestamp":"2026-07-10T09:44:53.108Z"}
{"level":"info","message":"Database Connected","service":"user-service","timestamp":"2026-07-10T09:44:53.664Z"}
{"level":"info","message":"server created at 4025","service":"user-service","timestamp":"2026-07-10T09:44:57.579Z"}
{"level":"info","message":"Database Connected","service":"user-service","timestamp":"2026-07-10T09:44:58.014Z"}
{"level":"info","message":"server created at 4025","service":"user-service","timestamp":"2026-07-10T09:45:08.370Z"}
{"level":"info","message":"Database Connected","service":"user-service","timestamp":"2026-07-10T09:45:08.898Z"}
{"level":"info","message":"server created at 4025","service":"user-service","timestamp":"2026-07-10T09:45:16.205Z"}
{"level":"info","message":"Database Connected","service":"user-service","timestamp":"2026-07-10T09:45:16.711Z"}
{"level":"info","message":"server created at 4025","service":"user-service","timestamp":"2026-07-10T09:45:21.740Z"}
{"level":"info","message":"Database Connected","service":"user-service","timestamp":"2026-07-10T09:45:22.723Z"}
{"level":"info","message":"server created at 4025","service":"user-service","timestamp":"2026-07-10T09:45:37.919Z"}
{"level":"info","message":"server created at 4025","service":"user-service","timestamp":"2026-07-10T09:45:43.228Z"}
{"level":"info","message":"Database Connected","service":"user-service","timestamp":"2026-07-10T09:45:44.140Z"}
{"level":"info","message":"server created at 4025","service":"user-service","timestamp":"2026-07-10T09:53:53.206Z"}
{"level":"info","message":"Database Connected","service":"user-service","timestamp":"2026-07-10T09:53:54.041Z"}
{"level":"info","message":"server created at 4025","service":"user-service","timestamp":"2026-07-10T09:53:57.371Z"}
{"level":"info","message":"Database Connected","service":"user-service","timestamp":"2026-07-10T09:53:57.870Z"}
{"level":"info","message":"server created at 4025","service":"user-service","timestamp":"2026-07-10T09:57:39.698Z"}
{"level":"info","message":"server created at 4025","service":"user-service","timestamp":"2026-07-10T09:57:41.103Z"}
{"level":"info","message":"Database Connected","service":"user-service","timestamp":"2026-07-10T09:57:41.552Z"}
{"level":"info","message":"server created at 4025","service":"user-service","timestamp":"2026-07-10T09:57:42.510Z"}
{"level":"info","message":"Database Connected","service":"user-service","timestamp":"2026-07-10T09:57:42.905Z"}
{"level":"info","message":"server created at 4025","service":"user-service","timestamp":"2026-07-10T09:58:19.630Z"}
{"level":"info","message":"server created at 4025","service":"user-service","timestamp":"2026-07-10T09:58:20.756Z"}
{"level":"info","message":"Database Connected","service":"user-service","timestamp":"2026-07-10T09:58:21.381Z"}
{"level":"info","message":"server created at 4025","service":"user-service","timestamp":"2026-07-10T09:58:24.593Z"}
{"level":"info","message":"Database Connected","service":"user-service","timestamp":"2026-07-10T09:58:25.038Z"}
{"level":"info","message":"server created at 4025","service":"user-service","timestamp":"2026-07-10T09:58:33.702Z"}
{"level":"info","message":"server created at 4025","service":"user-service","timestamp":"2026-07-10T09:58:34.957Z"}
{"level":"info","message":"Database Connected","service":"user-service","timestamp":"2026-07-10T09:58:35.452Z"}
{"level":"info","message":"server created at 4025","service":"user-service","timestamp":"2026-07-10T10:00:22.162Z"}
{"level":"info","message":"Database Connected","service":"user-service","timestamp":"2026-07-10T10:00:22.685Z"}
{"level":"info","message":"server created at 4025","service":"user-service","timestamp":"2026-07-10T10:00:30.453Z"}
{"level":"info","message":"Database Connected","service":"user-service","timestamp":"2026-07-10T10:00:30.935Z"}
{"level":"info","message":"server created at 4025","service":"user-service","timestamp":"2026-07-10T10:00:32.940Z"}
{"level":"info","message":"Database Connected","service":"user-service","timestamp":"2026-07-10T10:00:33.353Z"}
{"level":"info","message":"server created at 4025","service":"user-service","timestamp":"2026-07-10T10:00:36.790Z"}
{"level":"info","message":"Database Connected","service":"user-service","timestamp":"2026-07-10T10:00:37.209Z"}
{"level":"info","message":"server created at 4025","service":"user-service","timestamp":"2026-07-10T10:00:39.542Z"}
{"level":"info","message":"Database Connected","service":"user-service","timestamp":"2026-07-10T10:00:39.920Z"}
{"level":"info","message":"server created at 4025","service":"user-service","timestamp":"2026-07-10T10:09:40.907Z"}
{"level":"info","message":"Database Connected","service":"user-service","timestamp":"2026-07-10T10:09:41.397Z"}
{"level":"info","message":"server created at 4025","service":"user-service","timestamp":"2026-07-10T10:10:01.423Z"}
{"level":"info","message":"Database Connected","service":"user-service","timestamp":"2026-07-10T10:10:01.821Z"}
{"level":"info","message":"server created at 4025","service":"user-service","timestamp":"2026-07-10T10:13:54.847Z"}
{"level":"info","message":"Database Connected","service":"user-service","timestamp":"2026-07-10T10:13:55.370Z"}
{"level":"info","message":"server created at 4025","service":"user-service","timestamp":"2026-07-10T10:15:25.491Z"}
{"level":"info","message":"Database Connected","service":"user-service","timestamp":"2026-07-10T10:15:25.982Z"}
{"level":"info","message":"server created at 4025","service":"user-service","timestamp":"2026-07-10T10:32:28.075Z"}
{"level":"info","message":"Database Connected","service":"user-service","timestamp":"2026-07-10T10:32:28.630Z"}
{"level":"info","message":"server created at 4025","service":"user-service","timestamp":"2026-07-10T10:34:06.972Z"}
{"level":"info","message":"server created at 4025","service":"user-service","timestamp":"2026-07-10T10:34:08.797Z"}
{"level":"info","message":"Database Connected","service":"user-service","timestamp":"2026-07-10T10:34:09.212Z"}
{"level":"info","message":"server created at 4025","service":"user-service","timestamp":"2026-07-10T10:35:03.819Z"}
{"level":"info","message":"Database Connected","service":"user-service","timestamp":"2026-07-10T10:35:04.217Z"}
{"level":"info","message":"server created at 4025","service":"user-service","timestamp":"2026-07-10T10:35:08.854Z"}
{"level":"info","message":"Database Connected","service":"user-service","timestamp":"2026-07-10T10:35:09.574Z"}
{"level":"info","message":"server created at 4025","service":"user-service","timestamp":"2026-07-10T10:35:15.423Z"}
{"level":"info","message":"Database Connected","service":"user-service","timestamp":"2026-07-10T10:35:15.860Z"}
{"level":"info","message":"server created at 4025","service":"user-service","timestamp":"2026-07-10T10:36:17.754Z"}
{"level":"info","message":"Database Connected","service":"user-service","timestamp":"2026-07-10T10:36:18.231Z"}
{"level":"info","message":"server created at 4025","service":"user-service","timestamp":"2026-07-10T10:37:39.971Z"}
{"level":"info","message":"Database Connected","service":"user-service","timestamp":"2026-07-10T10:37:40.499Z"}
{"level":"info","message":"server created at 4025","service":"user-service","timestamp":"2026-07-10T10:38:11.744Z"}
{"level":"info","message":"Database Connected","service":"user-service","timestamp":"2026-07-10T10:38:12.422Z"}
